<?xml version="1.0" encoding="UTF-8"?>
<!-- Generated by org.testng.reporters.JUnitReportReporter -->
<testsuite skipped="0" hostname="DESKTOP-I0F7UNJ" name="Runners.Tdrunner" tests="1" failures="0" timestamp="2020-10-04T14:46:19 MDT" time="0.173" errors="0">
  <testcase name="feature" time="0.173" classname="Runners.Tdrunner"/>
  <system-out/>
</testsuite> <!-- Runners.Tdrunner -->
